app/build/intermediates/manifest_merge_blame_file/debug/manifest-merger-blame-debug-report.txt
1<?xml version="1.0" encoding="utf-8"?>
2<manifest xmlns:android="http://schemas.android.com/apk/res/android"
3    package="com.example.sikstagram"
4    android:versionCode="1"
5    android:versionName="1.0" >
6
7    <uses-sdk
8        android:minSdkVersion="17"
8-->src\main\AndroidManifest.xml
9        android:targetSdkVersion="28" />
9-->src\main\AndroidManifest.xml
10
11    <uses-permission android:name="android.permission.WRITE_EXTERNAL_STORAGE" />
11-->src\main\AndroidManifest.xml:5:5-80
11-->src\main\AndroidManifest.xml:5:22-78
12    <uses-permission android:name="android.permission.READ_EXTERNAL_STORAGE" />
12-->src\main\AndroidManifest.xml:6:5-79
12-->src\main\AndroidManifest.xml:6:22-77
13
14    <!-- Required permission for App measurement to run. -->
15    <uses-permission android:name="android.permission.INTERNET" />
15-->[com.google.firebase:firebase-analytics:11.8.0] AndroidManifest.xml:23:5-67
15-->[com.google.firebase:firebase-analytics:11.8.0] AndroidManifest.xml:23:22-64
16    <uses-permission android:name="android.permission.ACCESS_NETWORK_STATE" />
16-->[com.google.firebase:firebase-analytics:11.8.0] AndroidManifest.xml:24:5-79
16-->[com.google.firebase:firebase-analytics:11.8.0] AndroidManifest.xml:24:22-76
17    <uses-permission android:name="android.permission.WAKE_LOCK" /> <!-- Required by older versions of Google Play services to create IID tokens -->
17-->[com.google.firebase:firebase-analytics:11.8.0] AndroidManifest.xml:25:5-68
17-->[com.google.firebase:firebase-analytics:11.8.0] AndroidManifest.xml:25:22-65
18    <uses-permission android:name="com.google.android.c2dm.permission.RECEIVE" />
18-->[com.google.firebase:firebase-iid:11.8.0] AndroidManifest.xml:26:5-82
18-->[com.google.firebase:firebase-iid:11.8.0] AndroidManifest.xml:26:22-79
19
20    <permission
20-->[com.google.firebase:firebase-iid:11.8.0] AndroidManifest.xml:28:5-30:47
21        android:name="com.example.sikstagram.permission.C2D_MESSAGE"
21-->[com.google.firebase:firebase-iid:11.8.0] AndroidManifest.xml:29:9-63
22        android:protectionLevel="signature" />
22-->[com.google.firebase:firebase-iid:11.8.0] AndroidManifest.xml:30:9-44
23
24    <uses-permission android:name="com.example.sikstagram.permission.C2D_MESSAGE" />
24-->[com.google.firebase:firebase-iid:11.8.0] AndroidManifest.xml:32:5-79
24-->[com.google.firebase:firebase-iid:11.8.0] AndroidManifest.xml:32:22-76
25
26    <application
26-->src\main\AndroidManifest.xml:8:5-28:19
27        android:allowBackup="true"
27-->src\main\AndroidManifest.xml:9:9-35
28        android:appComponentFactory="androidx.core.app.CoreComponentFactory"
28-->[androidx.core:core:1.0.1] AndroidManifest.xml:22:18-86
29        android:debuggable="true"
30        android:icon="@mipmap/ic_launcher"
30-->src\main\AndroidManifest.xml:10:9-43
31        android:label="@string/app_name"
31-->src\main\AndroidManifest.xml:11:9-41
32        android:roundIcon="@mipmap/ic_launcher_round"
32-->src\main\AndroidManifest.xml:12:9-54
33        android:supportsRtl="true"
33-->src\main\AndroidManifest.xml:13:9-35
34        android:testOnly="true"
35        android:theme="@style/AppTheme" >
35-->src\main\AndroidManifest.xml:14:9-40
36        <activity android:name="com.example.sikstagram.PostActivity" />
36-->src\main\AndroidManifest.xml:15:9-59
36-->src\main\AndroidManifest.xml:15:19-47
37        <activity android:name="com.example.sikstagram.MainActivity" />
37-->src\main\AndroidManifest.xml:16:9-50
37-->src\main\AndroidManifest.xml:16:19-47
38        <activity
38-->src\main\AndroidManifest.xml:17:9-18:58
39            android:name="com.theartofdev.edmodo.cropper.CropImageActivity"
39-->src\main\AndroidManifest.xml:17:19-82
40            android:theme="@style/Base.Theme.AppCompat" />
40-->src\main\AndroidManifest.xml:18:13-56
41        <activity android:name="com.example.sikstagram.RegisterActivity" />
41-->src\main\AndroidManifest.xml:19:9-54
41-->src\main\AndroidManifest.xml:19:19-51
42        <activity android:name="com.example.sikstagram.LoginActivity" />
42-->src\main\AndroidManifest.xml:20:9-51
42-->src\main\AndroidManifest.xml:20:19-48
43        <activity android:name="com.example.sikstagram.StartActivity" >
43-->src\main\AndroidManifest.xml:21:9-27:20
43-->src\main\AndroidManifest.xml:21:19-48
44            <intent-filter>
44-->src\main\AndroidManifest.xml:22:13-26:29
45                <action android:name="android.intent.action.MAIN" />
45-->src\main\AndroidManifest.xml:23:17-69
45-->src\main\AndroidManifest.xml:23:25-66
46
47                <category android:name="android.intent.category.LAUNCHER" />
47-->src\main\AndroidManifest.xml:25:17-77
47-->src\main\AndroidManifest.xml:25:27-74
48            </intent-filter>
49        </activity>
50        <activity
50-->[com.google.firebase:firebase-auth:11.8.0] AndroidManifest.xml:23:9-29:75
51            android:name="com.google.firebase.auth.internal.FederatedSignInActivity"
51-->[com.google.firebase:firebase-auth:11.8.0] AndroidManifest.xml:24:13-85
52            android:excludeFromRecents="true"
52-->[com.google.firebase:firebase-auth:11.8.0] AndroidManifest.xml:25:13-46
53            android:exported="true"
53-->[com.google.firebase:firebase-auth:11.8.0] AndroidManifest.xml:26:13-36
54            android:launchMode="singleInstance"
54-->[com.google.firebase:firebase-auth:11.8.0] AndroidManifest.xml:27:13-48
55            android:permission="com.google.firebase.auth.api.gms.permission.LAUNCH_FEDERATED_SIGN_IN"
55-->[com.google.firebase:firebase-auth:11.8.0] AndroidManifest.xml:28:13-102
56            android:theme="@android:style/Theme.Translucent.NoTitleBar" />
56-->[com.google.firebase:firebase-auth:11.8.0] AndroidManifest.xml:29:13-72
57        <activity
57-->[com.google.android.gms:play-services-base:11.8.0] AndroidManifest.xml:23:9-26:75
58            android:name="com.google.android.gms.common.api.GoogleApiActivity"
58-->[com.google.android.gms:play-services-base:11.8.0] AndroidManifest.xml:24:13-79
59            android:exported="false"
59-->[com.google.android.gms:play-services-base:11.8.0] AndroidManifest.xml:25:13-37
60            android:theme="@android:style/Theme.Translucent.NoTitleBar" />
60-->[com.google.android.gms:play-services-base:11.8.0] AndroidManifest.xml:26:13-72
61
62        <receiver
62-->[com.google.firebase:firebase-analytics:11.8.0] AndroidManifest.xml:28:9-32:20
63            android:name="com.google.android.gms.measurement.AppMeasurementReceiver"
63-->[com.google.firebase:firebase-analytics:11.8.0] AndroidManifest.xml:29:13-85
64            android:enabled="true"
64-->[com.google.firebase:firebase-analytics:11.8.0] AndroidManifest.xml:30:13-35
65            android:exported="false" >
65-->[com.google.firebase:firebase-analytics:11.8.0] AndroidManifest.xml:31:13-37
66        </receiver>
67        <receiver
67-->[com.google.firebase:firebase-analytics:11.8.0] AndroidManifest.xml:33:9-41:20
68            android:name="com.google.android.gms.measurement.AppMeasurementInstallReferrerReceiver"
68-->[com.google.firebase:firebase-analytics:11.8.0] AndroidManifest.xml:34:13-100
69            android:enabled="true"
69-->[com.google.firebase:firebase-analytics:11.8.0] AndroidManifest.xml:35:13-35
70            android:exported="true"
70-->[com.google.firebase:firebase-analytics:11.8.0] AndroidManifest.xml:36:13-36
71            android:permission="android.permission.INSTALL_PACKAGES" >
71-->[com.google.firebase:firebase-analytics:11.8.0] AndroidManifest.xml:37:13-69
72            <intent-filter>
72-->[com.google.firebase:firebase-analytics:11.8.0] AndroidManifest.xml:38:13-40:29
73                <action android:name="com.android.vending.INSTALL_REFERRER" />
73-->[com.google.firebase:firebase-analytics:11.8.0] AndroidManifest.xml:39:17-79
73-->[com.google.firebase:firebase-analytics:11.8.0] AndroidManifest.xml:39:25-76
74            </intent-filter>
75        </receiver>
76
77        <service
77-->[com.google.firebase:firebase-analytics:11.8.0] AndroidManifest.xml:43:9-46:40
78            android:name="com.google.android.gms.measurement.AppMeasurementService"
78-->[com.google.firebase:firebase-analytics:11.8.0] AndroidManifest.xml:44:13-84
79            android:enabled="true"
79-->[com.google.firebase:firebase-analytics:11.8.0] AndroidManifest.xml:45:13-35
80            android:exported="false" />
80-->[com.google.firebase:firebase-analytics:11.8.0] AndroidManifest.xml:46:13-37
81        <service
81-->[com.google.firebase:firebase-analytics:11.8.0] AndroidManifest.xml:47:9-51:72
82            android:name="com.google.android.gms.measurement.AppMeasurementJobService"
82-->[com.google.firebase:firebase-analytics:11.8.0] AndroidManifest.xml:48:13-87
83            android:enabled="true"
83-->[com.google.firebase:firebase-analytics:11.8.0] AndroidManifest.xml:49:13-35
84            android:exported="false"
84-->[com.google.firebase:firebase-analytics:11.8.0] AndroidManifest.xml:50:13-37
85            android:permission="android.permission.BIND_JOB_SERVICE" />
85-->[com.google.firebase:firebase-analytics:11.8.0] AndroidManifest.xml:51:13-69
86
87        <receiver
87-->[com.google.firebase:firebase-iid:11.8.0] AndroidManifest.xml:35:9-44:20
88            android:name="com.google.firebase.iid.FirebaseInstanceIdReceiver"
88-->[com.google.firebase:firebase-iid:11.8.0] AndroidManifest.xml:36:13-78
89            android:exported="true"
89-->[com.google.firebase:firebase-iid:11.8.0] AndroidManifest.xml:37:13-36
90            android:permission="com.google.android.c2dm.permission.SEND" >
90-->[com.google.firebase:firebase-iid:11.8.0] AndroidManifest.xml:38:13-73
91            <intent-filter>
91-->[com.google.firebase:firebase-iid:11.8.0] AndroidManifest.xml:39:13-43:29
92                <action android:name="com.google.android.c2dm.intent.RECEIVE" />
92-->[com.google.firebase:firebase-iid:11.8.0] AndroidManifest.xml:40:17-81
92-->[com.google.firebase:firebase-iid:11.8.0] AndroidManifest.xml:40:25-78
93
94                <category android:name="com.example.sikstagram" />
94-->[com.google.firebase:firebase-iid:11.8.0] AndroidManifest.xml:42:17-61
94-->[com.google.firebase:firebase-iid:11.8.0] AndroidManifest.xml:42:27-58
95            </intent-filter>
96        </receiver>
97        <!--
98             FirebaseInstanceIdService performs security checks at runtime,
99             no need for explicit permissions despite exported="true"
100        -->
101        <service
101-->[com.google.firebase:firebase-iid:11.8.0] AndroidManifest.xml:50:9-56:19
102            android:name="com.google.firebase.iid.FirebaseInstanceIdService"
102-->[com.google.firebase:firebase-iid:11.8.0] AndroidManifest.xml:51:13-77
103            android:exported="true" >
103-->[com.google.firebase:firebase-iid:11.8.0] AndroidManifest.xml:52:13-36
104            <intent-filter android:priority="-500" >
104-->[com.google.firebase:firebase-iid:11.8.0] AndroidManifest.xml:53:13-55:29
104-->[com.google.firebase:firebase-iid:11.8.0] AndroidManifest.xml:53:28-51
105                <action android:name="com.google.firebase.INSTANCE_ID_EVENT" />
105-->[com.google.firebase:firebase-iid:11.8.0] AndroidManifest.xml:54:17-80
105-->[com.google.firebase:firebase-iid:11.8.0] AndroidManifest.xml:54:25-77
106            </intent-filter>
107        </service>
108
109        <provider
109-->[com.google.firebase:firebase-common:11.8.0] AndroidManifest.xml:8:9-12:39
110            android:name="com.google.firebase.provider.FirebaseInitProvider"
110-->[com.google.firebase:firebase-common:11.8.0] AndroidManifest.xml:9:13-77
111            android:authorities="com.example.sikstagram.firebaseinitprovider"
111-->[com.google.firebase:firebase-common:11.8.0] AndroidManifest.xml:10:13-72
112            android:exported="false"
112-->[com.google.firebase:firebase-common:11.8.0] AndroidManifest.xml:11:13-37
113            android:initOrder="100" />
113-->[com.google.firebase:firebase-common:11.8.0] AndroidManifest.xml:12:13-36
114
115        <meta-data
115-->[com.google.android.gms:play-services-basement:11.8.0] AndroidManifest.xml:23:9-25:69
116            android:name="com.google.android.gms.version"
116-->[com.google.android.gms:play-services-basement:11.8.0] AndroidManifest.xml:24:13-58
117            android:value="@integer/google_play_services_version" />
117-->[com.google.android.gms:play-services-basement:11.8.0] AndroidManifest.xml:25:13-66
118    </application>
119
120</manifest>